#
# A fatal error has been detected by the Java Runtime Environment:
#
#  EXCEPTION_ACCESS_VIOLATION (0xc0000005) at pc=0x00007ff9205becdd, pid=10496, tid=0x00000000000026cc
#
# JRE version: Java(TM) SE Runtime Environment (8.0_201-b09) (build 1.8.0_201-b09)
# Java VM: Java HotSpot(TM) 64-Bit Server VM (25.201-b09 mixed mode windows-amd64 compressed oops)
# Problematic frame:
# C  [lwjgl_opengl.dll+0xecdd]
#
# Failed to write core dump. Minidumps are not enabled by default on client versions of Windows
#
# If you would like to submit a bug report, please visit:
#   http://bugreport.java.com/bugreport/crash.jsp
# The crash happened outside the Java Virtual Machine in native code.
# See problematic frame for where to report the bug.
#

---------------  T H R E A D  ---------------

Current thread (0x0000000002ff2800):  JavaThread "main" [_thread_in_native, id=9932, stack(0x0000000002ef0000,0x0000000002ff0000)]

siginfo: ExceptionCode=0xc0000005, reading address 0x0000000000000f00

Registers:
RAX=0x0000000052878eb0, RBX=0x0000000017c12fd0, RCX=0x0000000000000001, RDX=0x000000001b0f775c
RSP=0x0000000002fef1d8, RBP=0x0000000002fef260, RSI=0x0000000000000188, RDI=0x00000000030f7e70
R8 =0x0000000000000001, R9 =0x000000001b0f775c, R10=0x0000000000000000, R11=0x00000000522fcd40
R12=0x0000000000000000, R13=0x0000000017c12fd0, R14=0x0000000002fef290, R15=0x0000000002ff2800
RIP=0x00007ff9205becdd, EFLAGS=0x0000000000010206

Top of Stack: (sp=0x0000000002fef1d8)
0x0000000002fef1d8:   0000000003108c67 00000000030f7e70
0x0000000002fef1e8:   000000000310899d 0000000002ff2800
0x0000000002fef1f8:   0000000017c12fd0 0000000000000188
0x0000000002fef208:   0000000002ff2800 0000000002fef308
0x0000000002fef218:   0000000003108962 0000000002fef220
0x0000000002fef228:   0000000017c12fd0 0000000002fef290
0x0000000002fef238:   0000000017c470b0 0000000000000000
0x0000000002fef248:   0000000017c12fd0 0000000000000000
0x0000000002fef258:   0000000002fef280 0000000002fef2d8
0x0000000002fef268:   00000000030f835d 00000000d770db60
0x0000000002fef278:   00000000031021d8 000000001b0f775c
0x0000000002fef288:   00000000d7adba28 0000000000000001
0x0000000002fef298:   0000000002fef298 0000000017c13124
0x0000000002fef2a8:   0000000002fef308 0000000017c470b0
0x0000000002fef2b8:   0000000000000000 0000000017c13188
0x0000000002fef2c8:   0000000002fef280 0000000002fef310 

Instructions: (pc=0x00007ff9205becdd)
0x00007ff9205becbd:   00 41 8b c8 48 ff e0 cc cc cc cc cc cc cc cc cc
0x00007ff9205beccd:   cc cc cc 48 8b 01 49 8b d1 41 8b c8 4c 8b 50 18
0x00007ff9205becdd:   49 ff a2 00 0f 00 00 cc cc cc cc cc cc cc cc cc
0x00007ff9205beced:   cc cc cc 48 8b 01 49 8b d1 41 8b c8 4c 8b 50 18 


Register to memory mapping:

RAX=0x0000000052878eb0 is an unknown value
RBX={method} {0x0000000017c12fd8} 'nglGenTextures' '(IJ)V' in 'org/lwjgl/opengl/GL11'
RCX=0x0000000000000001 is an unknown value
RDX=0x000000001b0f775c is an unknown value
RSP=0x0000000002fef1d8 is pointing into the stack for thread: 0x0000000002ff2800
RBP=0x0000000002fef260 is pointing into the stack for thread: 0x0000000002ff2800
RSI=0x0000000000000188 is an unknown value
RDI=0x00000000030f7e70 is at code_begin+1040 in an Interpreter codelet
invoke return entry points  [0x00000000030f7a60, 0x00000000030f8440]  2528 bytes
R8 =0x0000000000000001 is an unknown value
R9 =0x000000001b0f775c is an unknown value
R10=0x0000000000000000 is an unknown value
R11=0x00000000522fcd40 is an unknown value
R12=0x0000000000000000 is an unknown value
R13={method} {0x0000000017c12fd8} 'nglGenTextures' '(IJ)V' in 'org/lwjgl/opengl/GL11'
R14=0x0000000002fef290 is pointing into the stack for thread: 0x0000000002ff2800
R15=0x0000000002ff2800 is a thread


Stack: [0x0000000002ef0000,0x0000000002ff0000],  sp=0x0000000002fef1d8,  free space=1020k
Native frames: (J=compiled Java code, j=interpreted, Vv=VM code, C=native code)
C  [lwjgl_opengl.dll+0xecdd]

Java frames: (J=compiled Java code, j=interpreted, Vv=VM code)
j  org.lwjgl.opengl.GL11.nglGenTextures(IJ)V+0
j  org.lwjgl.opengl.GL11.glGenTextures()I+20
j  engine.graphics.TextureUtils.createGlTexture([III)I+0
J 581% C1 engine.graphics.TextureUtils.loadTexture(Ljava/lang/String;)Lengine/graphics/Texture; (142 bytes) @ 0x0000000003371b3c [0x0000000003371260+0x8dc]
j  engine.graphics.text.FontUtils.loadFont(Ljava/lang/String;Ljava/lang/String;)Lengine/graphics/text/Font;+314
j  engine.graphics.text.Font.loadFonts([Lengine/graphics/text/FontType;)V+20
j  game.offline.Game.init()V+14
j  game.offline.Main.main([Ljava/lang/String;)V+16
v  ~StubRoutines::call_stub

---------------  P R O C E S S  ---------------

Java Threads: ( => current thread )
  0x000000001b32e800 JavaThread "Java2D Disposer" daemon [_thread_blocked, id=12736, stack(0x000000001c820000,0x000000001c920000)]
  0x0000000019d22800 JavaThread "Service Thread" daemon [_thread_blocked, id=10936, stack(0x000000001a9d0000,0x000000001aad0000)]
  0x0000000019d0f800 JavaThread "C1 CompilerThread3" daemon [_thread_blocked, id=12520, stack(0x000000001a8d0000,0x000000001a9d0000)]
  0x0000000019d0b800 JavaThread "C2 CompilerThread2" daemon [_thread_blocked, id=10832, stack(0x000000001a7d0000,0x000000001a8d0000)]
  0x0000000019d09800 JavaThread "C2 CompilerThread1" daemon [_thread_blocked, id=12628, stack(0x000000001a6d0000,0x000000001a7d0000)]
  0x0000000019d02800 JavaThread "C2 CompilerThread0" daemon [_thread_blocked, id=8716, stack(0x000000001a5d0000,0x000000001a6d0000)]
  0x0000000019d01000 JavaThread "Attach Listener" daemon [_thread_blocked, id=12188, stack(0x000000001a4d0000,0x000000001a5d0000)]
  0x0000000019d00000 JavaThread "Signal Dispatcher" daemon [_thread_blocked, id=11688, stack(0x000000001a3d0000,0x000000001a4d0000)]
  0x0000000019cf1800 JavaThread "Finalizer" daemon [_thread_blocked, id=3860, stack(0x000000001a1d0000,0x000000001a2d0000)]
  0x0000000019cf0800 JavaThread "Reference Handler" daemon [_thread_blocked, id=13140, stack(0x000000001a0d0000,0x000000001a1d0000)]
=>0x0000000002ff2800 JavaThread "main" [_thread_in_native, id=9932, stack(0x0000000002ef0000,0x0000000002ff0000)]

Other Threads:
  0x0000000017f0a000 VMThread [stack: 0x0000000019bd0000,0x0000000019cd0000] [id=5164]
  0x0000000019d24800 WatcherThread [stack: 0x000000001aad0000,0x000000001abd0000] [id=2496]

VM state:not at safepoint (normal execution)

VM Mutex/Monitor currently owned by a thread: None

heap address: 0x0000000084000000, size: 1984 MB, Compressed Oops mode: 32-bit
Narrow klass base: 0x0000000000000000, Narrow klass shift: 3
Compressed class space size: 1073741824 Address: 0x0000000100000000

Heap:
 PSYoungGen      total 36864K, used 16447K [0x00000000d6b00000, 0x00000000d9400000, 0x0000000100000000)
  eden space 31744K, 51% used [0x00000000d6b00000,0x00000000d7b0fc88,0x00000000d8a00000)
  from space 5120K, 0% used [0x00000000d8f00000,0x00000000d8f00000,0x00000000d9400000)
  to   space 5120K, 0% used [0x00000000d8a00000,0x00000000d8a00000,0x00000000d8f00000)
 ParOldGen       total 84992K, used 0K [0x0000000084000000, 0x0000000089300000, 0x00000000d6b00000)
  object space 84992K, 0% used [0x0000000084000000,0x0000000084000000,0x0000000089300000)
 Metaspace       used 8826K, capacity 9022K, committed 9344K, reserved 1056768K
  class space    used 1001K, capacity 1079K, committed 1152K, reserved 1048576K

Card table byte_map: [0x00000000124b0000,0x00000000128a0000] byte_map_base: 0x0000000012090000

Marking Bits: (ParMarkBitMap*) 0x00000000528f4ce0
 Begin Bits: [0x0000000013340000, 0x0000000015240000)
 End Bits:   [0x0000000015240000, 0x0000000017140000)

Polling page: 0x00000000015e0000

CodeCache: size=245760Kb used=2807Kb max_used=2825Kb free=242952Kb
 bounds [0x00000000030f0000, 0x00000000033c0000, 0x00000000120f0000]
 total_blobs=1078 nmethods=682 adapters=309
 compilation: enabled

Compilation events (10 events):
Event: 0.544 Thread 0x0000000019d0f800 nmethod 676 0x00000000033aab10 code [0x00000000033aac80, 0x00000000033aae48]
Event: 0.544 Thread 0x0000000019d0b800  677       4       java.util.concurrent.ConcurrentHashMap::tabAt (21 bytes)
Event: 0.544 Thread 0x0000000019d09800 nmethod 665% 0x00000000033a8650 code [0x00000000033a87a0, 0x00000000033a9278]
Event: 0.544 Thread 0x0000000019d0f800  678       3       java.io.File::<init> (113 bytes)
Event: 0.544 Thread 0x0000000019d0b800 nmethod 677 0x00000000033a2ad0 code [0x00000000033a2c00, 0x00000000033a2c58]
Event: 0.545 Thread 0x0000000019d0f800 nmethod 678 0x00000000033ad110 code [0x00000000033ad380, 0x00000000033ae068]
Event: 0.549 Thread 0x0000000019d09800  679       4       java.lang.String::startsWith (72 bytes)
Event: 0.549 Thread 0x0000000019d0f800  680       3       java.util.jar.JarFile::maybeInstantiateVerifier (96 bytes)
Event: 0.550 Thread 0x0000000019d0f800 nmethod 680 0x00000000033abc50 code [0x00000000033abe80, 0x00000000033acb28]
Event: 0.551 Thread 0x0000000019d09800 nmethod 679 0x00000000033ab7d0 code [0x00000000033ab920, 0x00000000033abb18]

GC Heap History (0 events):
No events

Deoptimization events (10 events):
Event: 0.530 Thread 0x0000000002ff2800 Uncommon trap: reason=bimorphic action=maybe_recompile pc=0x0000000003343f90 method=java.util.regex.Pattern$Start.match(Ljava/util/regex/Matcher;ILjava/lang/CharSequence;)Z @ 44
Event: 0.530 Thread 0x0000000002ff2800 Uncommon trap: reason=bimorphic action=maybe_recompile pc=0x0000000003321488 method=java.util.regex.Pattern$Curly.match0(Ljava/util/regex/Matcher;IILjava/lang/CharSequence;)Z @ 31
Event: 0.530 Thread 0x0000000002ff2800 Uncommon trap: reason=class_check action=maybe_recompile pc=0x00000000032f3f64 method=java.lang.Character.codePointAt(Ljava/lang/CharSequence;I)I @ 2
Event: 0.530 Thread 0x0000000002ff2800 Uncommon trap: reason=bimorphic action=maybe_recompile pc=0x0000000003343f90 method=java.util.regex.Pattern$Start.match(Ljava/util/regex/Matcher;ILjava/lang/CharSequence;)Z @ 44
Event: 0.530 Thread 0x0000000002ff2800 Uncommon trap: reason=class_check action=maybe_recompile pc=0x00000000032f3f64 method=java.lang.Character.codePointAt(Ljava/lang/CharSequence;I)I @ 2
Event: 0.530 Thread 0x0000000002ff2800 Uncommon trap: reason=class_check action=maybe_recompile pc=0x00000000032f3f64 method=java.lang.Character.codePointAt(Ljava/lang/CharSequence;I)I @ 2
Event: 0.530 Thread 0x0000000002ff2800 Uncommon trap: reason=class_check action=maybe_recompile pc=0x00000000032ebb8c method=java.lang.Character.codePointAt(Ljava/lang/CharSequence;I)I @ 2
Event: 0.538 Thread 0x0000000002ff2800 Uncommon trap: reason=bimorphic action=maybe_recompile pc=0x0000000003332314 method=java.util.regex.Pattern$Start.match(Ljava/util/regex/Matcher;ILjava/lang/CharSequence;)Z @ 44
Event: 0.539 Thread 0x0000000002ff2800 Uncommon trap: reason=bimorphic action=maybe_recompile pc=0x0000000003321488 method=java.util.regex.Pattern$Curly.match0(Ljava/util/regex/Matcher;IILjava/lang/CharSequence;)Z @ 31
Event: 0.539 Thread 0x0000000002ff2800 Uncommon trap: reason=bimorphic action=maybe_recompile pc=0x0000000003321488 method=java.util.regex.Pattern$Curly.match0(Ljava/util/regex/Matcher;IILjava/lang/CharSequence;)Z @ 31

Classes redefined (0 events):
No events

Internal exceptions (10 events):
Event: 0.135 Thread 0x0000000002ff2800 Exception <a 'java/security/PrivilegedActionException'> (0x00000000d6ed1b48) thrown at [C:\re\workspace\8-2-build-windows-amd64-cygwin\jdk8u201\12322\hotspot\src\share\vm\prims\jvm.cpp, line 1502]
Event: 0.136 Thread 0x0000000002ff2800 Exception <a 'java/security/PrivilegedActionException'> (0x00000000d6ed5a58) thrown at [C:\re\workspace\8-2-build-windows-amd64-cygwin\jdk8u201\12322\hotspot\src\share\vm\prims\jvm.cpp, line 1502]
Event: 0.136 Thread 0x0000000002ff2800 Exception <a 'java/security/PrivilegedActionException'> (0x00000000d6ed5c68) thrown at [C:\re\workspace\8-2-build-windows-amd64-cygwin\jdk8u201\12322\hotspot\src\share\vm\prims\jvm.cpp, line 1502]
Event: 0.145 Thread 0x0000000002ff2800 Exception <a 'java/lang/ArrayIndexOutOfBoundsException': 18> (0x00000000d6f045c0) thrown at [C:\re\workspace\8-2-build-windows-amd64-cygwin\jdk8u201\12322\hotspot\src\share\vm\interpreter\interpreterRuntime.cpp, line 368]
Event: 0.145 Thread 0x0000000002ff2800 Exception <a 'java/lang/ArrayIndexOutOfBoundsException': 67> (0x00000000d6f054c8) thrown at [C:\re\workspace\8-2-build-windows-amd64-cygwin\jdk8u201\12322\hotspot\src\share\vm\interpreter\interpreterRuntime.cpp, line 368]
Event: 0.147 Thread 0x0000000002ff2800 Exception <a 'java/lang/ArrayIndexOutOfBoundsException'> (0x00000000d6f17f48) thrown at [C:\re\workspace\8-2-build-windows-amd64-cygwin\jdk8u201\12322\hotspot\src\share\vm\runtime\sharedRuntime.cpp, line 605]
Event: 0.178 Thread 0x0000000002ff2800 Exception <a 'java/lang/NoSuchFieldError': method resolution failed> (0x00000000d70326f8) thrown at [C:\re\workspace\8-2-build-windows-amd64-cygwin\jdk8u201\12322\hotspot\src\share\vm\prims\methodHandles.cpp, line 1167]
Event: 0.179 Thread 0x0000000002ff2800 Exception <a 'java/lang/NoSuchFieldError': method resolution failed> (0x00000000d703fa48) thrown at [C:\re\workspace\8-2-build-windows-amd64-cygwin\jdk8u201\12322\hotspot\src\share\vm\prims\methodHandles.cpp, line 1167]
Event: 0.271 Thread 0x0000000002ff2800 Exception <a 'java/io/FileNotFoundException'> (0x00000000d73e3fe0) thrown at [C:\re\workspace\8-2-build-windows-amd64-cygwin\jdk8u201\12322\hotspot\src\share\vm\prims\jni.cpp, line 709]
Event: 0.522 Thread 0x0000000002ff2800 Exception <a 'java/lang/NoSuchMethodError': java.lang.Object.lambda$static$0(Ljava/lang/String;)Ljava/lang/Boolean;> (0x00000000d79f1e20) thrown at [C:\re\workspace\8-2-build-windows-amd64-cygwin\jdk8u201\12322\hotspot\src\share\vm\interpreter\linkResolve

Events (10 events):
Event: 0.550 loading class org/lwjgl/system/jni/JNINativeInterface
Event: 0.550 loading class org/lwjgl/system/jni/JNINativeInterface done
Event: 0.559 loading class org/lwjgl/system/windows/WinBase
Event: 0.559 loading class org/lwjgl/system/windows/WinBase done
Event: 0.561 loading class org/lwjgl/opengl/GL$1
Event: 0.561 loading class org/lwjgl/opengl/GL$1 done
Event: 0.561 loading class org/lwjgl/opengl/GL$SharedLibraryGL
Event: 0.561 loading class org/lwjgl/opengl/GL$SharedLibraryGL done
Event: 0.561 loading class org/lwjgl/system/SharedLibrary$Delegate
Event: 0.561 loading class org/lwjgl/system/SharedLibrary$Delegate done


Dynamic libraries:
0x00007ff6694d0000 - 0x00007ff669507000 	C:\Program Files\Java\jdk1.8.0_201\bin\java.exe
0x00007ff949980000 - 0x00007ff949b6d000 	C:\Windows\SYSTEM32\ntdll.dll
0x00007ff9490c0000 - 0x00007ff949173000 	C:\Windows\System32\KERNEL32.DLL
0x00007ff946710000 - 0x00007ff9469a3000 	C:\Windows\System32\KERNELBASE.dll
0x00007ff946f30000 - 0x00007ff946fd3000 	C:\Windows\System32\ADVAPI32.dll
0x00007ff948ad0000 - 0x00007ff948b6e000 	C:\Windows\System32\msvcrt.dll
0x00007ff949230000 - 0x00007ff9492ce000 	C:\Windows\System32\sechost.dll
0x00007ff9496d0000 - 0x00007ff9497f2000 	C:\Windows\System32\RPCRT4.dll
0x00007ff949480000 - 0x00007ff949617000 	C:\Windows\System32\USER32.dll
0x00007ff9463f0000 - 0x00007ff946410000 	C:\Windows\System32\win32u.dll
0x00007ff9489d0000 - 0x00007ff9489f9000 	C:\Windows\System32\GDI32.dll
0x00007ff945a50000 - 0x00007ff945bea000 	C:\Windows\System32\gdi32full.dll
0x00007ff946a10000 - 0x00007ff946ab0000 	C:\Windows\System32\msvcp_win.dll
0x00007ff946410000 - 0x00007ff94650c000 	C:\Windows\System32\ucrtbase.dll
0x00007ff9332d0000 - 0x00007ff933549000 	C:\Windows\WinSxS\amd64_microsoft.windows.common-controls_6595b64144ccf1df_6.0.17763.316_none_05b53be2071f46b6\COMCTL32.dll
0x00007ff948d90000 - 0x00007ff9490bd000 	C:\Windows\System32\combase.dll
0x00007ff945c20000 - 0x00007ff945c9e000 	C:\Windows\System32\bcryptPrimitives.dll
0x00007ff948d60000 - 0x00007ff948d8e000 	C:\Windows\System32\IMM32.DLL
0x0000000052980000 - 0x0000000052a51000 	C:\Program Files\Java\jdk1.8.0_201\jre\bin\msvcr100.dll
0x00000000520d0000 - 0x0000000052974000 	C:\Program Files\Java\jdk1.8.0_201\jre\bin\server\jvm.dll
0x00007ff949940000 - 0x00007ff949948000 	C:\Windows\System32\PSAPI.DLL
0x00007ff937b50000 - 0x00007ff937b59000 	C:\Windows\SYSTEM32\WSOCK32.dll
0x00007ff937140000 - 0x00007ff93714a000 	C:\Windows\SYSTEM32\VERSION.dll
0x00007ff9400a0000 - 0x00007ff9400c4000 	C:\Windows\SYSTEM32\WINMM.dll
0x00007ff948ce0000 - 0x00007ff948d4d000 	C:\Windows\System32\WS2_32.dll
0x00007ff940070000 - 0x00007ff94009d000 	C:\Windows\SYSTEM32\WINMMBASE.dll
0x00007ff946b60000 - 0x00007ff946baa000 	C:\Windows\System32\cfgmgr32.dll
0x00007ff93eb00000 - 0x00007ff93eb0f000 	C:\Program Files\Java\jdk1.8.0_201\jre\bin\verify.dll
0x00007ff9216f0000 - 0x00007ff921719000 	C:\Program Files\Java\jdk1.8.0_201\jre\bin\java.dll
0x00007ff9216b0000 - 0x00007ff9216c6000 	C:\Program Files\Java\jdk1.8.0_201\jre\bin\zip.dll
0x00007ff946fe0000 - 0x00007ff9484cf000 	C:\Windows\System32\SHELL32.dll
0x00007ff949620000 - 0x00007ff9496c8000 	C:\Windows\System32\shcore.dll
0x00007ff945ca0000 - 0x00007ff9463ea000 	C:\Windows\System32\windows.storage.dll
0x00007ff945a00000 - 0x00007ff945a24000 	C:\Windows\System32\profapi.dll
0x00007ff9459a0000 - 0x00007ff9459fd000 	C:\Windows\System32\powrprof.dll
0x00007ff948970000 - 0x00007ff9489c2000 	C:\Windows\System32\shlwapi.dll
0x00007ff945980000 - 0x00007ff945991000 	C:\Windows\System32\kernel.appcore.dll
0x00007ff946510000 - 0x00007ff946527000 	C:\Windows\System32\cryptsp.dll
0x00007ff90e290000 - 0x00007ff90e429000 	C:\Program Files\Java\jdk1.8.0_201\jre\bin\awt.dll
0x00007ff948a00000 - 0x00007ff948acb000 	C:\Windows\System32\OLEAUT32.dll
0x00007ff9401a0000 - 0x00007ff94022c000 	C:\Windows\SYSTEM32\apphelp.dll
0x00007ff944dd0000 - 0x00007ff944e03000 	C:\Windows\system32\rsaenh.dll
0x00007ff945bf0000 - 0x00007ff945c16000 	C:\Windows\System32\bcrypt.dll
0x00007ff9458b0000 - 0x00007ff9458d8000 	C:\Windows\SYSTEM32\USERENV.dll
0x00007ff9453e0000 - 0x00007ff9453ec000 	C:\Windows\SYSTEM32\CRYPTBASE.dll
0x00007ff921610000 - 0x00007ff92162a000 	C:\Program Files\Java\jdk1.8.0_201\jre\bin\net.dll
0x00007ff9327c0000 - 0x00007ff932997000 	C:\Windows\SYSTEM32\urlmon.dll
0x00007ff932470000 - 0x00007ff932718000 	C:\Windows\SYSTEM32\iertutil.dll
0x00007ff945210000 - 0x00007ff945277000 	C:\Windows\system32\mswsock.dll
0x00007ff944f70000 - 0x00007ff944fad000 	C:\Windows\SYSTEM32\IPHLPAPI.DLL
0x00007ff946c30000 - 0x00007ff946c38000 	C:\Windows\System32\NSI.dll
0x00007ff9357e0000 - 0x00007ff9357f6000 	C:\Windows\SYSTEM32\dhcpcsvc6.DLL
0x00007ff935ba0000 - 0x00007ff935bbc000 	C:\Windows\SYSTEM32\dhcpcsvc.DLL
0x00007ff944fb0000 - 0x00007ff945076000 	C:\Windows\SYSTEM32\DNSAPI.dll
0x00007ff921490000 - 0x00007ff9214a1000 	C:\Program Files\Java\jdk1.8.0_201\jre\bin\nio.dll
0x00007ff921aa0000 - 0x00007ff921af7000 	C:\Users\eirik\OneDrive - NTNU\code_projects\sol_valencia\sol_remake\build\libs\natives\lwjgl.dll
0x00007ff9205b0000 - 0x00007ff92060c000 	C:\Users\eirik\OneDrive - NTNU\code_projects\sol_valencia\sol_remake\build\libs\natives\lwjgl_opengl.dll
0x00007ff924510000 - 0x00007ff924637000 	C:\Windows\SYSTEM32\opengl32.dll
0x00007ff924c60000 - 0x00007ff924c8c000 	C:\Windows\SYSTEM32\GLU32.dll
0x00007ff943bb0000 - 0x00007ff943d9d000 	C:\Windows\SYSTEM32\dbghelp.dll

VM Arguments:
jvm_args: -Djava.library.path=C:\Users\eirik\OneDrive - NTNU\code_projects\sol_valencia\sol_remake\build/libs/natives -Dfile.encoding=windows-1252 -Duser.country=US -Duser.language=en -Duser.variant 
java_command: game.offline.Main
java_class_path (initial): C:\Users\eirik\OneDrive - NTNU\code_projects\sol_valencia\sol_remake\build\classes\main;C:\Users\eirik\OneDrive - NTNU\code_projects\sol_valencia\sol_remake\build\resources\main;C:\Users\eirik\.gradle\caches\modules-2\files-2.1\com.google.guava\guava\21.0\3a3d111be1be1b745edfa7d91678a12d7ed38709\guava-21.0.jar;C:\Users\eirik\.gradle\caches\modules-2\files-2.1\com.google.code.gson\gson\2.8.5\f645ed69d595b24d4cf8b3fbb64cc505bede8829\gson-2.8.5.jar;C:\Users\eirik\.gradle\caches\modules-2\files-2.1\org.jfree\jfreechart\1.5.0\bc7919249bac68c15c433ed51cb798a1bf8cd74e\jfreechart-1.5.0.jar;C:\Users\eirik\.gradle\caches\modules-2\files-2.1\org.java-websocket\Java-WebSocket\1.3.9\e6e60889b7211a80b21052a249bd7e0f88f79fee\Java-WebSocket-1.3.9.jar;C:\Users\eirik\.gradle\caches\modules-2\files-2.1\com.esotericsoftware\kryonet\2.22.0-RC1\2f25f7250a3096a8d1b8182946f6572d90d280d0\kryonet-2.22.0-RC1.jar;C:\Users\eirik\.gradle\caches\modules-2\files-2.1\org.lwjgl\lwjgl\3.1.2\28a4511b5bc6624dbc6c579ade1b25bc2b21733e\lwjgl-3.1.2.jar;C:\Users\eirik\.gradle\caches\modules-2\files-2.1\org.lwjgl\lwjgl-glfw\3.1.2\bc0617451b3a87e7d12a9afed68402a2b3841ad4\lwjgl-glfw-3.1.2.jar;C:\Users\eirik\.gradle\caches\modules-2\files-2.1\org.lwjgl\lwjgl-opengl\3.1.2\7c77050b72450dc06357369c73aaf76d45a3fdea\lwjgl-opengl-3.1.2.jar;C:\Users\eirik\.gradle\caches\modules-2\files-2.1\org.lwjgl\lwjgl-openal\3.1.2\a6e7db83eac633c7bd4250b9938ed3245c83aa3e\lwjgl-openal-3.1.2.jar;C:\Users\eirik\.gradle\caches\modules-2\files-2.1\org.lwjgl\lwjgl-stb\3.1.2\39f1ae05903c4b985a746cfd0ca1808d2a719e7\lwjgl-stb-3.1.2.jar;C:\Users\eirik\.gradle\caches\modules-2\files-2.1\com.esotericsoftware.kryo\kryo\2.24.0\c6b206e80cfd97e66a1364003724491c757b92f\kryo-2.24.0.jar;C:\Users\eirik\.gradle\caches\modules-2\files-2.1\com.esotericsoftware\jsonbeans\0.7\de977f0875708eddd154f2a4c3a3f58a13ef297\jsonbeans-0.7.jar;C:\Users\eirik\.gradle\caches\modules-2\files-2.1\com.esotericsoftware.minlog\minlog\1.2\59bfcd
Launcher Type: SUN_STANDARD

Environment Variables:
JAVA_HOME=C:\Program Files\Java\jdk1.8.0_201
PATH=C:\Program Files (x86)\Intel\Intel(R) Management Engine Components\iCLS\;C:\Program Files\Intel\Intel(R) Management Engine Components\iCLS\;C:\Windows\system32;C:\Windows;C:\Windows\System32\Wbem;C:\Windows\System32\WindowsPowerShell\v1.0\;C:\Windows\System32\OpenSSH\;C:\Program Files (x86)\Intel\Intel(R) Management Engine Components\DAL;C:\Program Files\Intel\Intel(R) Management Engine Components\DAL;C:\Program Files (x86)\NVIDIA Corporation\PhysX\Common;C:\Program Files\Git\cmd;C:\Program Files\Java\jdk1.8.0_201\bin;C:\Program Files\nodejs\;C:\Users\eirik\AppData\Local\Microsoft\WindowsApps;C:\Program Files\JetBrains\IntelliJ IDEA 2018.3.5\bin;C:\Users\eirik\AppData\Roaming\npm;C:\Users\eirik\AppData\Local\atom\bin;C:\Program Files\JetBrains\PyCharm 2018.3.5\bin;
USERNAME=eirik
OS=Windows_NT
PROCESSOR_IDENTIFIER=Intel64 Family 6 Model 158 Stepping 10, GenuineIntel



---------------  S Y S T E M  ---------------

OS: Windows 10.0 , 64 bit Build 17763 (10.0.17763.292)

CPU:total 8 (initial active 8) (4 cores per cpu, 2 threads per core) family 6 model 158 stepping 10, cmov, cx8, fxsr, mmx, sse, sse2, sse3, ssse3, sse4.1, sse4.2, popcnt, avx, avx2, aes, clmul, erms, 3dnowpref, lzcnt, ht, tsc, tscinvbit, bmi1, bmi2, adx

Memory: 4k page, physical 8118980k(490256k free), swap 15983300k(2722220k free)

vm_info: Java HotSpot(TM) 64-Bit Server VM (25.201-b09) for windows-amd64 JRE (1.8.0_201-b09), built on Dec 15 2018 18:36:39 by "java_re" with MS VC++ 10.0 (VS2010)

time: Sun Mar 10 23:16:19 2019
timezone: W. Europe Standard Time
elapsed time: 0 seconds (0d 0h 0m 0s)

