#
# A fatal error has been detected by the Java Runtime Environment:
#
#  EXCEPTION_ACCESS_VIOLATION (0xc0000005) at pc=0x00007ff9205becdd, pid=4228, tid=0x0000000000002d38
#
# JRE version: Java(TM) SE Runtime Environment (8.0_201-b09) (build 1.8.0_201-b09)
# Java VM: Java HotSpot(TM) 64-Bit Server VM (25.201-b09 mixed mode windows-amd64 compressed oops)
# Problematic frame:
# C  [lwjgl_opengl.dll+0xecdd]
#
# Failed to write core dump. Minidumps are not enabled by default on client versions of Windows
#
# If you would like to submit a bug report, please visit:
#   http://bugreport.java.com/bugreport/crash.jsp
# The crash happened outside the Java Virtual Machine in native code.
# See problematic frame for where to report the bug.
#

---------------  T H R E A D  ---------------

Current thread (0x0000000002ec2800):  JavaThread "main" [_thread_in_native, id=11576, stack(0x0000000002d80000,0x0000000002e80000)]

siginfo: ExceptionCode=0xc0000005, reading address 0x0000000000000f00

Registers:
RAX=0x0000000052878eb0, RBX=0x0000000017aeefd0, RCX=0x0000000000000001, RDX=0x000000001aff362c
RSP=0x0000000002e7ec48, RBP=0x0000000002e7ecd0, RSI=0x0000000000000188, RDI=0x0000000002fc7e70
R8 =0x0000000000000001, R9 =0x000000001aff362c, R10=0x0000000000000000, R11=0x00000000522fcd40
R12=0x0000000000000000, R13=0x0000000017aeefd0, R14=0x0000000002e7ed00, R15=0x0000000002ec2800
RIP=0x00007ff9205becdd, EFLAGS=0x0000000000010206

Top of Stack: (sp=0x0000000002e7ec48)
0x0000000002e7ec48:   0000000002fd8c67 0000000002fc7e70
0x0000000002e7ec58:   0000000002fd899d 0000000002ec2800
0x0000000002e7ec68:   0000000017aeefd0 0000000000000188
0x0000000002e7ec78:   0000000002ec2800 0000000002e7ed78
0x0000000002e7ec88:   0000000002fd8962 0000000002e7ec90
0x0000000002e7ec98:   0000000017aeefd0 0000000002e7ed00
0x0000000002e7eca8:   0000000017b130b0 0000000000000000
0x0000000002e7ecb8:   0000000017aeefd0 0000000000000000
0x0000000002e7ecc8:   0000000002e7ecf0 0000000002e7ed48
0x0000000002e7ecd8:   0000000002fc835d 00000000d770bb58
0x0000000002e7ece8:   0000000002fd21d8 000000001aff362c
0x0000000002e7ecf8:   00000000d7adc0b0 0000000000000001
0x0000000002e7ed08:   0000000002e7ed08 0000000017aef124
0x0000000002e7ed18:   0000000002e7ed78 0000000017b130b0
0x0000000002e7ed28:   0000000000000000 0000000017aef188
0x0000000002e7ed38:   0000000002e7ecf0 0000000002e7ed80 

Instructions: (pc=0x00007ff9205becdd)
0x00007ff9205becbd:   00 41 8b c8 48 ff e0 cc cc cc cc cc cc cc cc cc
0x00007ff9205beccd:   cc cc cc 48 8b 01 49 8b d1 41 8b c8 4c 8b 50 18
0x00007ff9205becdd:   49 ff a2 00 0f 00 00 cc cc cc cc cc cc cc cc cc
0x00007ff9205beced:   cc cc cc 48 8b 01 49 8b d1 41 8b c8 4c 8b 50 18 


Register to memory mapping:

RAX=0x0000000052878eb0 is an unknown value
RBX={method} {0x0000000017aeefd8} 'nglGenTextures' '(IJ)V' in 'org/lwjgl/opengl/GL11'
RCX=0x0000000000000001 is an unknown value
RDX=0x000000001aff362c is an unknown value
RSP=0x0000000002e7ec48 is pointing into the stack for thread: 0x0000000002ec2800
RBP=0x0000000002e7ecd0 is pointing into the stack for thread: 0x0000000002ec2800
RSI=0x0000000000000188 is an unknown value
RDI=0x0000000002fc7e70 is at code_begin+1040 in an Interpreter codelet
invoke return entry points  [0x0000000002fc7a60, 0x0000000002fc8440]  2528 bytes
R8 =0x0000000000000001 is an unknown value
R9 =0x000000001aff362c is an unknown value
R10=0x0000000000000000 is an unknown value
R11=0x00000000522fcd40 is an unknown value
R12=0x0000000000000000 is an unknown value
R13={method} {0x0000000017aeefd8} 'nglGenTextures' '(IJ)V' in 'org/lwjgl/opengl/GL11'
R14=0x0000000002e7ed00 is pointing into the stack for thread: 0x0000000002ec2800
R15=0x0000000002ec2800 is a thread


Stack: [0x0000000002d80000,0x0000000002e80000],  sp=0x0000000002e7ec48,  free space=1019k
Native frames: (J=compiled Java code, j=interpreted, Vv=VM code, C=native code)
C  [lwjgl_opengl.dll+0xecdd]

Java frames: (J=compiled Java code, j=interpreted, Vv=VM code)
j  org.lwjgl.opengl.GL11.nglGenTextures(IJ)V+0
j  org.lwjgl.opengl.GL11.glGenTextures()I+20
j  engine.graphics.TextureUtils.createGlTexture([III)I+0
J 582% C1 engine.graphics.TextureUtils.loadTexture(Ljava/lang/String;)Lengine/graphics/Texture; (142 bytes) @ 0x000000000323f5fc [0x000000000323ed20+0x8dc]
j  engine.graphics.text.FontUtils.loadFont(Ljava/lang/String;Ljava/lang/String;)Lengine/graphics/text/Font;+314
j  engine.graphics.text.Font.loadFonts([Lengine/graphics/text/FontType;)V+20
j  game.offline.Game.init()V+14
j  game.offline.Main.main([Ljava/lang/String;)V+16
v  ~StubRoutines::call_stub

---------------  P R O C E S S  ---------------

Java Threads: ( => current thread )
  0x000000001b34b000 JavaThread "Java2D Disposer" daemon [_thread_blocked, id=3932, stack(0x000000001c700000,0x000000001c800000)]
  0x0000000019c81800 JavaThread "Service Thread" daemon [_thread_blocked, id=3456, stack(0x000000001a8b0000,0x000000001a9b0000)]
  0x0000000019bfb800 JavaThread "C1 CompilerThread3" daemon [_thread_blocked, id=6880, stack(0x000000001a7b0000,0x000000001a8b0000)]
  0x0000000019bf7800 JavaThread "C2 CompilerThread2" daemon [_thread_blocked, id=2452, stack(0x000000001a6b0000,0x000000001a7b0000)]
  0x0000000019be9800 JavaThread "C2 CompilerThread1" daemon [_thread_blocked, id=2552, stack(0x000000001a5b0000,0x000000001a6b0000)]
  0x0000000019be2800 JavaThread "C2 CompilerThread0" daemon [_thread_blocked, id=1308, stack(0x000000001a4b0000,0x000000001a5b0000)]
  0x0000000019be1000 JavaThread "Attach Listener" daemon [_thread_blocked, id=2016, stack(0x000000001a3b0000,0x000000001a4b0000)]
  0x0000000019be0000 JavaThread "Signal Dispatcher" daemon [_thread_blocked, id=4240, stack(0x000000001a2b0000,0x000000001a3b0000)]
  0x0000000019bd1800 JavaThread "Finalizer" daemon [_thread_blocked, id=3864, stack(0x000000001a0b0000,0x000000001a1b0000)]
  0x0000000019bd0800 JavaThread "Reference Handler" daemon [_thread_blocked, id=13308, stack(0x0000000019fb0000,0x000000001a0b0000)]
=>0x0000000002ec2800 JavaThread "main" [_thread_in_native, id=11576, stack(0x0000000002d80000,0x0000000002e80000)]

Other Threads:
  0x0000000017dda000 VMThread [stack: 0x0000000019ab0000,0x0000000019bb0000] [id=13072]
  0x0000000019c9c000 WatcherThread [stack: 0x000000001a9b0000,0x000000001aab0000] [id=1412]

VM state:not at safepoint (normal execution)

VM Mutex/Monitor currently owned by a thread: None

heap address: 0x0000000084000000, size: 1984 MB, Compressed Oops mode: 32-bit
Narrow klass base: 0x0000000000000000, Narrow klass shift: 3
Compressed class space size: 1073741824 Address: 0x0000000100000000

Heap:
 PSYoungGen      total 36864K, used 16447K [0x00000000d6b00000, 0x00000000d9400000, 0x0000000100000000)
  eden space 31744K, 51% used [0x00000000d6b00000,0x00000000d7b0fff8,0x00000000d8a00000)
  from space 5120K, 0% used [0x00000000d8f00000,0x00000000d8f00000,0x00000000d9400000)
  to   space 5120K, 0% used [0x00000000d8a00000,0x00000000d8a00000,0x00000000d8f00000)
 ParOldGen       total 84992K, used 0K [0x0000000084000000, 0x0000000089300000, 0x00000000d6b00000)
  object space 84992K, 0% used [0x0000000084000000,0x0000000084000000,0x0000000089300000)
 Metaspace       used 8833K, capacity 9006K, committed 9088K, reserved 1056768K
  class space    used 1000K, capacity 1079K, committed 1152K, reserved 1048576K

Card table byte_map: [0x0000000012380000,0x0000000012770000] byte_map_base: 0x0000000011f60000

Marking Bits: (ParMarkBitMap*) 0x00000000528f4ce0
 Begin Bits: [0x0000000013210000, 0x0000000015110000)
 End Bits:   [0x0000000015110000, 0x0000000017010000)

Polling page: 0x0000000002c90000

CodeCache: size=245760Kb used=2780Kb max_used=2789Kb free=242979Kb
 bounds [0x0000000002fc0000, 0x0000000003280000, 0x0000000011fc0000]
 total_blobs=1066 nmethods=670 adapters=309
 compilation: enabled

Compilation events (10 events):
Event: 0.531 Thread 0x0000000019bfb800 nmethod 664 0x0000000003273b50 code [0x0000000003273ca0, 0x0000000003273dd0]
Event: 0.531 Thread 0x0000000019bfb800  663       1       java.nio.channels.spi.AbstractInterruptibleChannel::isOpen (5 bytes)
Event: 0.531 Thread 0x0000000019bfb800 nmethod 663 0x000000000326ffd0 code [0x0000000003270120, 0x0000000003270230]
Event: 0.534 Thread 0x0000000019bfb800  665       3       java.util.jar.Attributes$Name::hashCode (24 bytes)
Event: 0.534 Thread 0x0000000019bfb800 nmethod 665 0x0000000003276850 code [0x00000000032769c0, 0x0000000003276b88]
Event: 0.535 Thread 0x0000000019bf7800 nmethod 656% 0x0000000003274350 code [0x00000000032744a0, 0x0000000003274f78]
Event: 0.539 Thread 0x0000000019bfb800  666       3       java.util.jar.JarFile::maybeInstantiateVerifier (96 bytes)
Event: 0.539 Thread 0x0000000019be9800  667       4       java.lang.String::startsWith (72 bytes)
Event: 0.539 Thread 0x0000000019bfb800 nmethod 666 0x0000000003277f10 code [0x0000000003278140, 0x0000000003278de8]
Event: 0.541 Thread 0x0000000019be9800 nmethod 667 0x0000000003277a90 code [0x0000000003277be0, 0x0000000003277dd8]

GC Heap History (0 events):
No events

Deoptimization events (10 events):
Event: 0.518 Thread 0x0000000002ec2800 Uncommon trap: reason=bimorphic action=maybe_recompile pc=0x0000000003212418 method=java.util.regex.Pattern$Start.match(Ljava/util/regex/Matcher;ILjava/lang/CharSequence;)Z @ 44
Event: 0.518 Thread 0x0000000002ec2800 Uncommon trap: reason=bimorphic action=maybe_recompile pc=0x00000000031f798c method=java.util.regex.Pattern$Curly.match0(Ljava/util/regex/Matcher;IILjava/lang/CharSequence;)Z @ 31
Event: 0.518 Thread 0x0000000002ec2800 Uncommon trap: reason=class_check action=maybe_recompile pc=0x00000000031bf4a4 method=java.lang.Character.codePointAt(Ljava/lang/CharSequence;I)I @ 2
Event: 0.519 Thread 0x0000000002ec2800 Uncommon trap: reason=bimorphic action=maybe_recompile pc=0x0000000003212418 method=java.util.regex.Pattern$Start.match(Ljava/util/regex/Matcher;ILjava/lang/CharSequence;)Z @ 44
Event: 0.519 Thread 0x0000000002ec2800 Uncommon trap: reason=class_check action=maybe_recompile pc=0x00000000031bf4a4 method=java.lang.Character.codePointAt(Ljava/lang/CharSequence;I)I @ 2
Event: 0.519 Thread 0x0000000002ec2800 Uncommon trap: reason=class_check action=maybe_recompile pc=0x00000000031bf4a4 method=java.lang.Character.codePointAt(Ljava/lang/CharSequence;I)I @ 2
Event: 0.519 Thread 0x0000000002ec2800 Uncommon trap: reason=class_check action=maybe_recompile pc=0x00000000031bb64c method=java.lang.Character.codePointAt(Ljava/lang/CharSequence;I)I @ 2
Event: 0.529 Thread 0x0000000002ec2800 Uncommon trap: reason=bimorphic action=maybe_recompile pc=0x00000000032010d4 method=java.util.regex.Pattern$Start.match(Ljava/util/regex/Matcher;ILjava/lang/CharSequence;)Z @ 44
Event: 0.529 Thread 0x0000000002ec2800 Uncommon trap: reason=bimorphic action=maybe_recompile pc=0x00000000031f798c method=java.util.regex.Pattern$Curly.match0(Ljava/util/regex/Matcher;IILjava/lang/CharSequence;)Z @ 31
Event: 0.529 Thread 0x0000000002ec2800 Uncommon trap: reason=bimorphic action=maybe_recompile pc=0x00000000031f798c method=java.util.regex.Pattern$Curly.match0(Ljava/util/regex/Matcher;IILjava/lang/CharSequence;)Z @ 31

Classes redefined (0 events):
No events

Internal exceptions (10 events):
Event: 0.135 Thread 0x0000000002ec2800 Exception <a 'java/security/PrivilegedActionException'> (0x00000000d6ed1b78) thrown at [C:\re\workspace\8-2-build-windows-amd64-cygwin\jdk8u201\12322\hotspot\src\share\vm\prims\jvm.cpp, line 1502]
Event: 0.136 Thread 0x0000000002ec2800 Exception <a 'java/security/PrivilegedActionException'> (0x00000000d6ed5a88) thrown at [C:\re\workspace\8-2-build-windows-amd64-cygwin\jdk8u201\12322\hotspot\src\share\vm\prims\jvm.cpp, line 1502]
Event: 0.136 Thread 0x0000000002ec2800 Exception <a 'java/security/PrivilegedActionException'> (0x00000000d6ed5c98) thrown at [C:\re\workspace\8-2-build-windows-amd64-cygwin\jdk8u201\12322\hotspot\src\share\vm\prims\jvm.cpp, line 1502]
Event: 0.142 Thread 0x0000000002ec2800 Exception <a 'java/lang/ArrayIndexOutOfBoundsException': 18> (0x00000000d6f045b0) thrown at [C:\re\workspace\8-2-build-windows-amd64-cygwin\jdk8u201\12322\hotspot\src\share\vm\interpreter\interpreterRuntime.cpp, line 368]
Event: 0.142 Thread 0x0000000002ec2800 Exception <a 'java/lang/ArrayIndexOutOfBoundsException': 67> (0x00000000d6f054b8) thrown at [C:\re\workspace\8-2-build-windows-amd64-cygwin\jdk8u201\12322\hotspot\src\share\vm\interpreter\interpreterRuntime.cpp, line 368]
Event: 0.145 Thread 0x0000000002ec2800 Exception <a 'java/lang/ArrayIndexOutOfBoundsException'> (0x00000000d6f17f38) thrown at [C:\re\workspace\8-2-build-windows-amd64-cygwin\jdk8u201\12322\hotspot\src\share\vm\runtime\sharedRuntime.cpp, line 605]
Event: 0.177 Thread 0x0000000002ec2800 Exception <a 'java/lang/NoSuchFieldError': method resolution failed> (0x00000000d7032668) thrown at [C:\re\workspace\8-2-build-windows-amd64-cygwin\jdk8u201\12322\hotspot\src\share\vm\prims\methodHandles.cpp, line 1167]
Event: 0.178 Thread 0x0000000002ec2800 Exception <a 'java/lang/NoSuchFieldError': method resolution failed> (0x00000000d703f9b8) thrown at [C:\re\workspace\8-2-build-windows-amd64-cygwin\jdk8u201\12322\hotspot\src\share\vm\prims\methodHandles.cpp, line 1167]
Event: 0.262 Thread 0x0000000002ec2800 Exception <a 'java/io/FileNotFoundException'> (0x00000000d73e4058) thrown at [C:\re\workspace\8-2-build-windows-amd64-cygwin\jdk8u201\12322\hotspot\src\share\vm\prims\jni.cpp, line 709]
Event: 0.512 Thread 0x0000000002ec2800 Exception <a 'java/lang/NoSuchMethodError': java.lang.Object.lambda$static$0(Ljava/lang/String;)Ljava/lang/Boolean;> (0x00000000d79f2350) thrown at [C:\re\workspace\8-2-build-windows-amd64-cygwin\jdk8u201\12322\hotspot\src\share\vm\interpreter\linkResolve

Events (10 events):
Event: 0.540 loading class org/lwjgl/system/jni/JNINativeInterface
Event: 0.540 loading class org/lwjgl/system/jni/JNINativeInterface done
Event: 0.548 loading class org/lwjgl/system/windows/WinBase
Event: 0.548 loading class org/lwjgl/system/windows/WinBase done
Event: 0.549 loading class org/lwjgl/opengl/GL$1
Event: 0.549 loading class org/lwjgl/opengl/GL$1 done
Event: 0.550 loading class org/lwjgl/opengl/GL$SharedLibraryGL
Event: 0.550 loading class org/lwjgl/opengl/GL$SharedLibraryGL done
Event: 0.550 loading class org/lwjgl/system/SharedLibrary$Delegate
Event: 0.550 loading class org/lwjgl/system/SharedLibrary$Delegate done


Dynamic libraries:
0x00007ff6694d0000 - 0x00007ff669507000 	C:\Program Files\Java\jdk1.8.0_201\bin\java.exe
0x00007ff949980000 - 0x00007ff949b6d000 	C:\Windows\SYSTEM32\ntdll.dll
0x00007ff9490c0000 - 0x00007ff949173000 	C:\Windows\System32\KERNEL32.DLL
0x00007ff946710000 - 0x00007ff9469a3000 	C:\Windows\System32\KERNELBASE.dll
0x00007ff946f30000 - 0x00007ff946fd3000 	C:\Windows\System32\ADVAPI32.dll
0x00007ff948ad0000 - 0x00007ff948b6e000 	C:\Windows\System32\msvcrt.dll
0x00007ff949230000 - 0x00007ff9492ce000 	C:\Windows\System32\sechost.dll
0x00007ff9496d0000 - 0x00007ff9497f2000 	C:\Windows\System32\RPCRT4.dll
0x00007ff949480000 - 0x00007ff949617000 	C:\Windows\System32\USER32.dll
0x00007ff9463f0000 - 0x00007ff946410000 	C:\Windows\System32\win32u.dll
0x00007ff9489d0000 - 0x00007ff9489f9000 	C:\Windows\System32\GDI32.dll
0x00007ff945a50000 - 0x00007ff945bea000 	C:\Windows\System32\gdi32full.dll
0x00007ff946a10000 - 0x00007ff946ab0000 	C:\Windows\System32\msvcp_win.dll
0x00007ff946410000 - 0x00007ff94650c000 	C:\Windows\System32\ucrtbase.dll
0x00007ff9332d0000 - 0x00007ff933549000 	C:\Windows\WinSxS\amd64_microsoft.windows.common-controls_6595b64144ccf1df_6.0.17763.316_none_05b53be2071f46b6\COMCTL32.dll
0x00007ff948d90000 - 0x00007ff9490bd000 	C:\Windows\System32\combase.dll
0x00007ff945c20000 - 0x00007ff945c9e000 	C:\Windows\System32\bcryptPrimitives.dll
0x00007ff948d60000 - 0x00007ff948d8e000 	C:\Windows\System32\IMM32.DLL
0x0000000052980000 - 0x0000000052a51000 	C:\Program Files\Java\jdk1.8.0_201\jre\bin\msvcr100.dll
0x00000000520d0000 - 0x0000000052974000 	C:\Program Files\Java\jdk1.8.0_201\jre\bin\server\jvm.dll
0x00007ff949940000 - 0x00007ff949948000 	C:\Windows\System32\PSAPI.DLL
0x00007ff937b50000 - 0x00007ff937b59000 	C:\Windows\SYSTEM32\WSOCK32.dll
0x00007ff9400a0000 - 0x00007ff9400c4000 	C:\Windows\SYSTEM32\WINMM.dll
0x00007ff937140000 - 0x00007ff93714a000 	C:\Windows\SYSTEM32\VERSION.dll
0x00007ff948ce0000 - 0x00007ff948d4d000 	C:\Windows\System32\WS2_32.dll
0x00007ff940070000 - 0x00007ff94009d000 	C:\Windows\SYSTEM32\winmmbase.dll
0x00007ff946b60000 - 0x00007ff946baa000 	C:\Windows\System32\cfgmgr32.dll
0x00007ff93eb00000 - 0x00007ff93eb0f000 	C:\Program Files\Java\jdk1.8.0_201\jre\bin\verify.dll
0x00007ff9216f0000 - 0x00007ff921719000 	C:\Program Files\Java\jdk1.8.0_201\jre\bin\java.dll
0x00007ff9216b0000 - 0x00007ff9216c6000 	C:\Program Files\Java\jdk1.8.0_201\jre\bin\zip.dll
0x00007ff946fe0000 - 0x00007ff9484cf000 	C:\Windows\System32\SHELL32.dll
0x00007ff949620000 - 0x00007ff9496c8000 	C:\Windows\System32\shcore.dll
0x00007ff945ca0000 - 0x00007ff9463ea000 	C:\Windows\System32\windows.storage.dll
0x00007ff945a00000 - 0x00007ff945a24000 	C:\Windows\System32\profapi.dll
0x00007ff9459a0000 - 0x00007ff9459fd000 	C:\Windows\System32\powrprof.dll
0x00007ff948970000 - 0x00007ff9489c2000 	C:\Windows\System32\shlwapi.dll
0x00007ff945980000 - 0x00007ff945991000 	C:\Windows\System32\kernel.appcore.dll
0x00007ff946510000 - 0x00007ff946527000 	C:\Windows\System32\cryptsp.dll
0x00007ff90e290000 - 0x00007ff90e429000 	C:\Program Files\Java\jdk1.8.0_201\jre\bin\awt.dll
0x00007ff948a00000 - 0x00007ff948acb000 	C:\Windows\System32\OLEAUT32.dll
0x00007ff9401a0000 - 0x00007ff94022c000 	C:\Windows\SYSTEM32\apphelp.dll
0x00007ff944dd0000 - 0x00007ff944e03000 	C:\Windows\system32\rsaenh.dll
0x00007ff945bf0000 - 0x00007ff945c16000 	C:\Windows\System32\bcrypt.dll
0x00007ff9458b0000 - 0x00007ff9458d8000 	C:\Windows\SYSTEM32\USERENV.dll
0x00007ff9453e0000 - 0x00007ff9453ec000 	C:\Windows\SYSTEM32\CRYPTBASE.dll
0x00007ff921610000 - 0x00007ff92162a000 	C:\Program Files\Java\jdk1.8.0_201\jre\bin\net.dll
0x00007ff9327c0000 - 0x00007ff932997000 	C:\Windows\SYSTEM32\urlmon.dll
0x00007ff932470000 - 0x00007ff932718000 	C:\Windows\SYSTEM32\iertutil.dll
0x00007ff945210000 - 0x00007ff945277000 	C:\Windows\system32\mswsock.dll
0x00007ff944f70000 - 0x00007ff944fad000 	C:\Windows\SYSTEM32\IPHLPAPI.DLL
0x00007ff946c30000 - 0x00007ff946c38000 	C:\Windows\System32\NSI.dll
0x00007ff9357e0000 - 0x00007ff9357f6000 	C:\Windows\SYSTEM32\dhcpcsvc6.DLL
0x00007ff935ba0000 - 0x00007ff935bbc000 	C:\Windows\SYSTEM32\dhcpcsvc.DLL
0x00007ff944fb0000 - 0x00007ff945076000 	C:\Windows\SYSTEM32\DNSAPI.dll
0x00007ff921490000 - 0x00007ff9214a1000 	C:\Program Files\Java\jdk1.8.0_201\jre\bin\nio.dll
0x00007ff921aa0000 - 0x00007ff921af7000 	C:\Users\eirik\OneDrive - NTNU\code_projects\sol_valencia\sol_remake\build\libs\natives\lwjgl.dll
0x00007ff9205b0000 - 0x00007ff92060c000 	C:\Users\eirik\OneDrive - NTNU\code_projects\sol_valencia\sol_remake\build\libs\natives\lwjgl_opengl.dll
0x00007ff924510000 - 0x00007ff924637000 	C:\Windows\SYSTEM32\opengl32.dll
0x00007ff924c60000 - 0x00007ff924c8c000 	C:\Windows\SYSTEM32\GLU32.dll
0x00007ff943bb0000 - 0x00007ff943d9d000 	C:\Windows\SYSTEM32\dbghelp.dll

VM Arguments:
jvm_args: -Djava.library.path=C:\Users\eirik\OneDrive - NTNU\code_projects\sol_valencia\sol_remake\build/libs/natives -Dfile.encoding=windows-1252 -Duser.country=US -Duser.language=en -Duser.variant 
java_command: game.offline.Main
java_class_path (initial): C:\Users\eirik\OneDrive - NTNU\code_projects\sol_valencia\sol_remake\build\classes\main;C:\Users\eirik\OneDrive - NTNU\code_projects\sol_valencia\sol_remake\build\resources\main;C:\Users\eirik\.gradle\caches\modules-2\files-2.1\com.google.guava\guava\21.0\3a3d111be1be1b745edfa7d91678a12d7ed38709\guava-21.0.jar;C:\Users\eirik\.gradle\caches\modules-2\files-2.1\com.google.code.gson\gson\2.8.5\f645ed69d595b24d4cf8b3fbb64cc505bede8829\gson-2.8.5.jar;C:\Users\eirik\.gradle\caches\modules-2\files-2.1\org.jfree\jfreechart\1.5.0\bc7919249bac68c15c433ed51cb798a1bf8cd74e\jfreechart-1.5.0.jar;C:\Users\eirik\.gradle\caches\modules-2\files-2.1\org.java-websocket\Java-WebSocket\1.3.9\e6e60889b7211a80b21052a249bd7e0f88f79fee\Java-WebSocket-1.3.9.jar;C:\Users\eirik\.gradle\caches\modules-2\files-2.1\com.esotericsoftware\kryonet\2.22.0-RC1\2f25f7250a3096a8d1b8182946f6572d90d280d0\kryonet-2.22.0-RC1.jar;C:\Users\eirik\.gradle\caches\modules-2\files-2.1\org.lwjgl\lwjgl\3.1.2\28a4511b5bc6624dbc6c579ade1b25bc2b21733e\lwjgl-3.1.2.jar;C:\Users\eirik\.gradle\caches\modules-2\files-2.1\org.lwjgl\lwjgl-glfw\3.1.2\bc0617451b3a87e7d12a9afed68402a2b3841ad4\lwjgl-glfw-3.1.2.jar;C:\Users\eirik\.gradle\caches\modules-2\files-2.1\org.lwjgl\lwjgl-opengl\3.1.2\7c77050b72450dc06357369c73aaf76d45a3fdea\lwjgl-opengl-3.1.2.jar;C:\Users\eirik\.gradle\caches\modules-2\files-2.1\org.lwjgl\lwjgl-openal\3.1.2\a6e7db83eac633c7bd4250b9938ed3245c83aa3e\lwjgl-openal-3.1.2.jar;C:\Users\eirik\.gradle\caches\modules-2\files-2.1\org.lwjgl\lwjgl-stb\3.1.2\39f1ae05903c4b985a746cfd0ca1808d2a719e7\lwjgl-stb-3.1.2.jar;C:\Users\eirik\.gradle\caches\modules-2\files-2.1\com.esotericsoftware.kryo\kryo\2.24.0\c6b206e80cfd97e66a1364003724491c757b92f\kryo-2.24.0.jar;C:\Users\eirik\.gradle\caches\modules-2\files-2.1\com.esotericsoftware\jsonbeans\0.7\de977f0875708eddd154f2a4c3a3f58a13ef297\jsonbeans-0.7.jar;C:\Users\eirik\.gradle\caches\modules-2\files-2.1\com.esotericsoftware.minlog\minlog\1.2\59bfcd
Launcher Type: SUN_STANDARD

Environment Variables:
JAVA_HOME=C:\Program Files\Java\jdk1.8.0_201
PATH=C:\Program Files (x86)\Intel\Intel(R) Management Engine Components\iCLS\;C:\Program Files\Intel\Intel(R) Management Engine Components\iCLS\;C:\Windows\system32;C:\Windows;C:\Windows\System32\Wbem;C:\Windows\System32\WindowsPowerShell\v1.0\;C:\Windows\System32\OpenSSH\;C:\Program Files (x86)\Intel\Intel(R) Management Engine Components\DAL;C:\Program Files\Intel\Intel(R) Management Engine Components\DAL;C:\Program Files (x86)\NVIDIA Corporation\PhysX\Common;C:\Program Files\Git\cmd;C:\Program Files\Java\jdk1.8.0_201\bin;C:\Program Files\nodejs\;C:\Users\eirik\AppData\Local\Microsoft\WindowsApps;C:\Program Files\JetBrains\IntelliJ IDEA 2018.3.5\bin;C:\Users\eirik\AppData\Roaming\npm;C:\Users\eirik\AppData\Local\atom\bin;C:\Program Files\JetBrains\PyCharm 2018.3.5\bin;
USERNAME=eirik
OS=Windows_NT
PROCESSOR_IDENTIFIER=Intel64 Family 6 Model 158 Stepping 10, GenuineIntel



---------------  S Y S T E M  ---------------

OS: Windows 10.0 , 64 bit Build 17763 (10.0.17763.292)

CPU:total 8 (initial active 8) (4 cores per cpu, 2 threads per core) family 6 model 158 stepping 10, cmov, cx8, fxsr, mmx, sse, sse2, sse3, ssse3, sse4.1, sse4.2, popcnt, avx, avx2, aes, clmul, erms, 3dnowpref, lzcnt, ht, tsc, tscinvbit, bmi1, bmi2, adx

Memory: 4k page, physical 8118980k(670320k free), swap 15983300k(2632312k free)

vm_info: Java HotSpot(TM) 64-Bit Server VM (25.201-b09) for windows-amd64 JRE (1.8.0_201-b09), built on Dec 15 2018 18:36:39 by "java_re" with MS VC++ 10.0 (VS2010)

time: Sun Mar 10 23:25:22 2019
timezone: W. Europe Standard Time
elapsed time: 0 seconds (0d 0h 0m 0s)

